  Enemy.cpp
C:\Users\user\Desktop\RPG-Game\RPG-Game\RpgGame\Enemy.cpp(27,2): error C2143: 구문 오류: ';'이(가) '}' 앞에 없습니다.
C:\Users\user\Desktop\RPG-Game\RPG-Game\RpgGame\Enemy.cpp(56,9): error C2660: 'Enemy::SetBattle': 함수는 1개의 인수를 사용하지 않습니다.
      C:\Users\user\Desktop\RPG-Game\RPG-Game\RpgGame\Enemy.cpp(41,13):
      'Enemy::SetBattle' 선언을 참조하십시오.
      C:\Users\user\Desktop\RPG-Game\RPG-Game\RpgGame\Enemy.cpp(56,9):
      인수 목록 '(char [5][15])'을(를) 일치시키는 동안
  
C:\Users\user\Desktop\RPG-Game\RPG-Game\RpgGame\Enemy.cpp(61,9): error C2660: 'Enemy::SetBattle': 함수는 1개의 인수를 사용하지 않습니다.
      C:\Users\user\Desktop\RPG-Game\RPG-Game\RpgGame\Enemy.cpp(41,13):
      'Enemy::SetBattle' 선언을 참조하십시오.
      C:\Users\user\Desktop\RPG-Game\RPG-Game\RpgGame\Enemy.cpp(61,9):
      인수 목록 '(char [5][15])'을(를) 일치시키는 동안
  
  main.cpp
C:\Users\user\Desktop\RPG-Game\RPG-Game\RpgGame\GameManager.h(27,10): error C2660: 'Enemy::SetBattle': 함수는 1개의 인수를 사용하지 않습니다.
  (소스 파일 'main.cpp'을(를) 컴파일하는 중)
      C:\Users\user\Desktop\RPG-Game\RPG-Game\RpgGame\Enemy.h(19,7):
      'Enemy::SetBattle' 선언을 참조하십시오.
      C:\Users\user\Desktop\RPG-Game\RPG-Game\RpgGame\GameManager.h(27,10):
      인수 목록 '(char [5][15])'을(를) 일치시키는 동안
  
C:\Users\user\Desktop\RPG-Game\RPG-Game\RpgGame\GameManager.h(29,10): error C2660: 'Enemy::SetBattle': 함수는 1개의 인수를 사용하지 않습니다.
  (소스 파일 'main.cpp'을(를) 컴파일하는 중)
      C:\Users\user\Desktop\RPG-Game\RPG-Game\RpgGame\Enemy.h(19,7):
      'Enemy::SetBattle' 선언을 참조하십시오.
      C:\Users\user\Desktop\RPG-Game\RPG-Game\RpgGame\GameManager.h(29,10):
      인수 목록 '(char [5][15])'을(를) 일치시키는 동안
  
  코드를 생성하고 있습니다...
